2017-04-06 17:36:37 - PHP Notice:  Undefined variable: module in E:\xampp\htdocs\balloon\catalog\view\theme\customize\template\extension\module\latest.tpl on line 20
2017-04-06 17:43:46 - PHP Notice:  Undefined variable: module in E:\xampp\htdocs\balloon\catalog\view\theme\customize\template\extension\module\latest.tpl on line 20
2017-04-06 21:08:52 - PHP Notice:  Undefined variable: module in E:\xampp\htdocs\balloon\catalog\view\theme\customize\template\extension\module\latest.tpl on line 20
2017-04-06 21:09:15 - PHP Notice:  Undefined variable: module in E:\xampp\htdocs\balloon\catalog\view\theme\customize\template\extension\module\latest.tpl on line 20
2017-04-06 21:09:42 - PHP Notice:  Undefined variable: module in E:\xampp\htdocs\balloon\catalog\view\theme\customize\template\extension\module\latest.tpl on line 20
2017-04-06 21:11:31 - PHP Notice:  Undefined variable: module in E:\xampp\htdocs\balloon\catalog\view\theme\customize\template\extension\module\latest.tpl on line 20
2017-04-07 8:36:52 - PHP Notice:  Undefined variable: module in E:\xampp\htdocs\balloon\catalog\view\theme\customize\template\extension\module\latest.tpl on line 20
2017-04-07 15:31:21 - PHP Notice:  Undefined variable: module in E:\xampp\htdocs\balloon\catalog\view\theme\customize\template\extension\module\latest.tpl on line 20
2017-04-07 15:32:44 - PHP Notice:  Undefined variable: module in E:\xampp\htdocs\balloon\catalog\view\theme\customize\template\extension\module\latest.tpl on line 20
2017-04-07 15:32:46 - PHP Notice:  Undefined variable: module in E:\xampp\htdocs\balloon\catalog\view\theme\customize\template\extension\module\latest.tpl on line 20
2017-04-07 15:55:01 - PHP Notice:  Undefined variable: module in E:\xampp\htdocs\balloon\catalog\view\theme\customize\template\extension\module\latest.tpl on line 20
2017-04-07 15:57:34 - PHP Notice:  Undefined variable: module in E:\xampp\htdocs\balloon\catalog\view\theme\customize\template\extension\module\latest.tpl on line 20
2017-04-07 15:57:53 - PHP Notice:  Undefined variable: module in E:\xampp\htdocs\balloon\catalog\view\theme\customize\template\extension\module\latest.tpl on line 20
2017-04-07 16:10:50 - PHP Notice:  Undefined variable: module in E:\xampp\htdocs\balloon\catalog\view\theme\customize\template\extension\module\latest.tpl on line 20
2017-04-07 16:29:53 - PHP Notice:  Undefined variable: module in E:\xampp\htdocs\balloon\catalog\view\theme\customize\template\extension\module\latest.tpl on line 20
2017-04-07 20:31:13 - PHP Notice:  Undefined variable: module in E:\xampp\htdocs\balloon\catalog\view\theme\customize\template\extension\module\latest.tpl on line 20
2017-04-07 23:40:47 - PHP Notice:  Undefined variable: module in E:\xampp\htdocs\balloon\catalog\view\theme\customize\template\extension\module\latest.tpl on line 20
2017-04-07 23:41:27 - PHP Notice:  Undefined variable: module in E:\xampp\htdocs\balloon\catalog\view\theme\customize\template\extension\module\latest.tpl on line 20
2017-04-07 23:43:30 - PHP Notice:  Undefined variable: module in E:\xampp\htdocs\balloon\catalog\view\theme\customize\template\extension\module\latest.tpl on line 20
2017-04-07 23:49:23 - PHP Notice:  Undefined variable: module in E:\xampp\htdocs\balloon\catalog\view\theme\customize\template\extension\module\latest.tpl on line 20
2017-04-08 0:55:13 - PHP Notice:  Undefined variable: module in E:\xampp\htdocs\balloon\catalog\view\theme\customize\template\extension\module\latest.tpl on line 20
2017-04-08 1:33:27 - PHP Notice:  Undefined variable: module in E:\xampp\htdocs\balloon\catalog\view\theme\customize\template\extension\module\latest.tpl on line 20
2017-04-08 15:31:29 - PHP Notice:  Undefined variable: module in E:\xampp\htdocs\balloon\catalog\view\theme\customize\template\extension\module\latest.tpl on line 20
2017-04-08 22:22:36 - PHP Notice:  Undefined variable: module in E:\xampp\htdocs\balloon\catalog\view\theme\customize\template\extension\module\latest.tpl on line 20
2017-04-09 7:19:09 - PHP Notice:  Undefined variable: module in E:\xampp\htdocs\balloon\catalog\view\theme\customize\template\extension\module\latest.tpl on line 20
2017-04-09 7:19:33 - PHP Notice:  Undefined variable: module in E:\xampp\htdocs\balloon\catalog\view\theme\customize\template\extension\module\latest.tpl on line 20
2017-04-09 7:19:43 - PHP Notice:  Undefined variable: module in E:\xampp\htdocs\balloon\catalog\view\theme\customize\template\extension\module\latest.tpl on line 20
2017-04-09 7:19:48 - PHP Notice:  Undefined variable: module in E:\xampp\htdocs\balloon\catalog\view\theme\customize\template\extension\module\latest.tpl on line 20
2017-04-09 7:23:53 - PHP Notice:  Undefined variable: module in E:\xampp\htdocs\balloon\catalog\view\theme\customize\template\extension\module\latest.tpl on line 20
2017-04-09 7:24:05 - PHP Notice:  Undefined variable: module in E:\xampp\htdocs\balloon\catalog\view\theme\customize\template\extension\module\latest.tpl on line 20
2017-04-09 7:31:35 - PHP Notice:  Undefined variable: module in E:\xampp\htdocs\balloon\catalog\view\theme\customize\template\extension\module\latest.tpl on line 20
2017-04-09 7:31:57 - PHP Notice:  Undefined variable: module in E:\xampp\htdocs\balloon\catalog\view\theme\customize\template\extension\module\latest.tpl on line 20
2017-04-09 7:33:09 - PHP Notice:  Undefined variable: module in E:\xampp\htdocs\balloon\catalog\view\theme\customize\template\extension\module\latest.tpl on line 20
2017-04-09 7:33:16 - PHP Notice:  Undefined variable: module in E:\xampp\htdocs\balloon\catalog\view\theme\customize\template\extension\module\latest.tpl on line 20
2017-04-09 7:33:21 - PHP Notice:  Undefined variable: module in E:\xampp\htdocs\balloon\catalog\view\theme\customize\template\extension\module\latest.tpl on line 20
2017-04-09 7:33:40 - PHP Notice:  Undefined variable: module in E:\xampp\htdocs\balloon\catalog\view\theme\customize\template\extension\module\latest.tpl on line 20
2017-04-09 7:34:49 - PHP Notice:  Undefined variable: module in E:\xampp\htdocs\balloon\catalog\view\theme\customize\template\extension\module\latest.tpl on line 20
2017-04-09 7:34:53 - PHP Notice:  Undefined variable: module in E:\xampp\htdocs\balloon\catalog\view\theme\customize\template\extension\module\latest.tpl on line 20
2017-04-09 7:34:55 - PHP Notice:  Undefined variable: module in E:\xampp\htdocs\balloon\catalog\view\theme\customize\template\extension\module\latest.tpl on line 20
2017-04-09 7:35:03 - PHP Notice:  Undefined variable: module in E:\xampp\htdocs\balloon\catalog\view\theme\customize\template\extension\module\latest.tpl on line 20
2017-04-09 7:35:19 - PHP Notice:  Undefined variable: module in E:\xampp\htdocs\balloon\catalog\view\theme\customize\template\extension\module\latest.tpl on line 20
2017-04-09 7:35:32 - PHP Notice:  Undefined variable: module in E:\xampp\htdocs\balloon\catalog\view\theme\customize\template\extension\module\latest.tpl on line 20
2017-04-09 7:35:33 - PHP Notice:  Undefined variable: module in E:\xampp\htdocs\balloon\catalog\view\theme\customize\template\extension\module\latest.tpl on line 20
2017-04-09 7:35:34 - PHP Notice:  Undefined variable: module in E:\xampp\htdocs\balloon\catalog\view\theme\customize\template\extension\module\latest.tpl on line 20
2017-04-09 7:35:35 - PHP Notice:  Undefined variable: module in E:\xampp\htdocs\balloon\catalog\view\theme\customize\template\extension\module\latest.tpl on line 20
2017-04-09 7:35:53 - PHP Notice:  Undefined variable: module in E:\xampp\htdocs\balloon\catalog\view\theme\customize\template\extension\module\latest.tpl on line 20
2017-04-09 7:38:25 - PHP Notice:  Undefined variable: module in E:\xampp\htdocs\balloon\catalog\view\theme\customize\template\extension\module\latest.tpl on line 20
2017-04-09 7:38:28 - PHP Notice:  Undefined variable: module in E:\xampp\htdocs\balloon\catalog\view\theme\customize\template\extension\module\latest.tpl on line 20
2017-04-09 7:43:20 - PHP Notice:  Undefined variable: module in E:\xampp\htdocs\balloon\catalog\view\theme\customize\template\extension\module\latest.tpl on line 20
2017-04-09 7:43:28 - PHP Notice:  Undefined variable: module in E:\xampp\htdocs\balloon\catalog\view\theme\customize\template\extension\module\latest.tpl on line 20
2017-04-09 7:44:00 - PHP Notice:  Undefined variable: module in E:\xampp\htdocs\balloon\catalog\view\theme\customize\template\extension\module\latest.tpl on line 20
2017-04-09 7:56:33 - PHP Notice:  Undefined variable: module in E:\xampp\htdocs\balloon\catalog\view\theme\customize\template\extension\module\latest.tpl on line 20
2017-04-09 7:56:39 - PHP Notice:  Undefined variable: module in E:\xampp\htdocs\balloon\catalog\view\theme\customize\template\extension\module\latest.tpl on line 20
2017-04-09 7:56:54 - PHP Notice:  Undefined variable: module in E:\xampp\htdocs\balloon\catalog\view\theme\customize\template\extension\module\latest.tpl on line 20
2017-04-09 7:57:05 - PHP Notice:  Undefined variable: module in E:\xampp\htdocs\balloon\catalog\view\theme\customize\template\extension\module\latest.tpl on line 20
2017-04-09 7:57:35 - PHP Notice:  Undefined variable: module in E:\xampp\htdocs\balloon\catalog\view\theme\customize\template\extension\module\latest.tpl on line 20
2017-04-09 7:58:33 - PHP Notice:  Undefined variable: module in E:\xampp\htdocs\balloon\catalog\view\theme\customize\template\extension\module\latest.tpl on line 20
2017-04-09 8:25:56 - PHP Notice:  Undefined variable: module in E:\xampp\htdocs\balloon\catalog\view\theme\customize\template\extension\module\latest.tpl on line 20
2017-04-09 10:02:30 - PHP Notice:  Undefined variable: module in E:\xampp\htdocs\balloon\catalog\view\theme\customize\template\extension\module\latest.tpl on line 20
2017-04-09 10:02:42 - PHP Notice:  Undefined variable: module in E:\xampp\htdocs\balloon\catalog\view\theme\customize\template\extension\module\latest.tpl on line 20
2017-04-09 10:03:53 - PHP Notice:  Undefined variable: module in E:\xampp\htdocs\balloon\catalog\view\theme\customize\template\extension\module\latest.tpl on line 20
2017-04-09 11:12:36 - PHP Notice:  Undefined variable: module in E:\xampp\htdocs\balloon\catalog\view\theme\customize\template\extension\module\latest.tpl on line 20
2017-04-09 11:12:38 - PHP Notice:  Undefined variable: module in E:\xampp\htdocs\balloon\catalog\view\theme\customize\template\extension\module\latest.tpl on line 20
2017-04-09 13:04:05 - PHP Notice:  Undefined variable: module in E:\xampp\htdocs\balloon\catalog\view\theme\customize\template\extension\module\latest.tpl on line 20
2017-04-09 13:04:06 - PHP Notice:  Undefined variable: module in E:\xampp\htdocs\balloon\catalog\view\theme\customize\template\extension\module\latest.tpl on line 20
2017-04-10 9:45:28 - PHP Notice:  Undefined variable: module in E:\xampp\htdocs\balloon\catalog\view\theme\customize\template\extension\module\latest.tpl on line 20
2017-04-10 14:11:02 - PHP Notice:  Undefined variable: module in C:\xampp\htdocs\balloon\catalog\view\theme\customize\template\extension\module\latest.tpl on line 20
2017-04-10 14:11:05 - PHP Notice:  Undefined variable: module in C:\xampp\htdocs\balloon\catalog\view\theme\customize\template\extension\module\latest.tpl on line 20
2017-04-10 14:11:42 - PHP Notice:  Undefined variable: module in C:\xampp\htdocs\balloon\catalog\view\theme\customize\template\extension\module\latest.tpl on line 20
2017-04-10 14:12:41 - PHP Notice:  Undefined variable: module in C:\xampp\htdocs\balloon\catalog\view\theme\customize\template\extension\module\latest.tpl on line 20
2017-04-10 14:13:43 - PHP Notice:  Undefined variable: module in C:\xampp\htdocs\balloon\catalog\view\theme\customize\template\extension\module\latest.tpl on line 20
2017-04-11 8:28:32 - PHP Notice:  Undefined variable: module in C:\xampp\htdocs\balloon\catalog\view\theme\customize\template\extension\module\latest.tpl on line 20
2017-04-11 8:28:32 - PHP Notice:  Undefined variable: module in C:\xampp\htdocs\balloon\catalog\view\theme\customize\template\extension\module\latest.tpl on line 20
2017-04-11 8:28:44 - PHP Notice:  Undefined variable: module in C:\xampp\htdocs\balloon\catalog\view\theme\customize\template\extension\module\latest.tpl on line 20
2017-04-11 8:30:12 - PHP Notice:  Undefined variable: module in C:\xampp\htdocs\balloon\catalog\view\theme\customize\template\extension\module\latest.tpl on line 20
2017-04-11 8:35:43 - PHP Notice:  Undefined variable: module in C:\xampp\htdocs\balloon\catalog\view\theme\customize\template\extension\module\latest.tpl on line 20
2017-04-11 8:36:52 - PHP Notice:  Undefined variable: module in C:\xampp\htdocs\balloon\catalog\view\theme\customize\template\extension\module\latest.tpl on line 20
2017-04-11 13:21:06 - PHP Notice:  Undefined variable: module in C:\xampp\htdocs\balloon\catalog\view\theme\customize\template\extension\module\latest.tpl on line 20
2017-04-11 13:21:54 - PHP Notice:  Undefined variable: module in C:\xampp\htdocs\balloon\catalog\view\theme\customize\template\extension\module\latest.tpl on line 20
2017-04-11 13:22:29 - PHP Notice:  Undefined variable: module in C:\xampp\htdocs\balloon\catalog\view\theme\customize\template\extension\module\latest.tpl on line 20
2017-04-11 13:22:31 - PHP Notice:  Undefined variable: module in C:\xampp\htdocs\balloon\catalog\view\theme\customize\template\extension\module\latest.tpl on line 20
2017-04-11 13:22:34 - PHP Notice:  Undefined variable: module in C:\xampp\htdocs\balloon\catalog\view\theme\customize\template\extension\module\latest.tpl on line 20
2017-04-11 13:22:39 - PHP Notice:  Undefined variable: module in C:\xampp\htdocs\balloon\catalog\view\theme\customize\template\extension\module\latest.tpl on line 20
2017-04-11 13:22:43 - PHP Notice:  Undefined variable: module in C:\xampp\htdocs\balloon\catalog\view\theme\customize\template\extension\module\latest.tpl on line 20
2017-04-11 13:39:27 - PHP Notice:  Undefined variable: module in C:\xampp\htdocs\balloon\catalog\view\theme\customize\template\extension\module\latest.tpl on line 20
2017-04-11 13:54:09 - PHP Notice:  Undefined variable: customer_group_id in C:\xampp\htdocs\balloon\catalog\controller\account\register.php on line 411
2017-04-11 13:54:09 - PHP Notice:  Undefined index: fax in C:\xampp\htdocs\balloon\catalog\model\account\customer.php on line 14
2017-04-11 13:54:09 - PHP Notice:  Undefined index: company in C:\xampp\htdocs\balloon\catalog\model\account\customer.php on line 18
2017-04-11 13:54:09 - PHP Notice:  Undefined index: address_1 in C:\xampp\htdocs\balloon\catalog\model\account\customer.php on line 18
2017-04-11 13:54:09 - PHP Notice:  Undefined index: address_2 in C:\xampp\htdocs\balloon\catalog\model\account\customer.php on line 18
2017-04-11 13:54:09 - PHP Notice:  Undefined index: city in C:\xampp\htdocs\balloon\catalog\model\account\customer.php on line 18
2017-04-11 13:54:09 - PHP Notice:  Undefined index: postcode in C:\xampp\htdocs\balloon\catalog\model\account\customer.php on line 18
2017-04-11 13:54:09 - PHP Notice:  Undefined index: country_id in C:\xampp\htdocs\balloon\catalog\model\account\customer.php on line 18
2017-04-11 13:54:09 - PHP Notice:  Undefined index: zone_id in C:\xampp\htdocs\balloon\catalog\model\account\customer.php on line 18
2017-04-11 13:54:10 - PHP Warning:  mail(): Failed to connect to mailserver at &quot;localhost&quot; port 25, verify your &quot;SMTP&quot; and &quot;smtp_port&quot; setting in php.ini or use ini_set() in C:\xampp\htdocs\balloon\system\library\mail.php on line 158
